INFO: [VRFC 10-2263] Analyzing Verilog file "/home/ft2335/dataset/ZipCPU/rtl/skidbuffer.v" into library work
INFO: [VRFC 10-311] analyzing module skidbuffer
INFO: [VRFC 10-2263] Analyzing Verilog file "/home/ft2335/dataset/ZipCPU/rtl/axilsafety.v" into library work
INFO: [VRFC 10-311] analyzing module axilsafety
INFO: [VRFC 10-2263] Analyzing Verilog file "/home/ft2335/dataset/ZipCPU/tbs/axilsafety_tb_assert.v" into library work
INFO: [VRFC 10-311] analyzing module axilsafety_assert
ERROR: [VRFC 10-4982] syntax error near 'else' [/home/ft2335/dataset/ZipCPU/tbs/axilsafety_tb_assert.v:63]
ERROR: [VRFC 10-8549] Verilog 2000 keyword 'else' used in incorrect context [/home/ft2335/dataset/ZipCPU/tbs/axilsafety_tb_assert.v:63]
ERROR: [VRFC 10-4982] syntax error near 'else' [/home/ft2335/dataset/ZipCPU/tbs/axilsafety_tb_assert.v:64]
ERROR: [VRFC 10-8549] Verilog 2000 keyword 'else' used in incorrect context [/home/ft2335/dataset/ZipCPU/tbs/axilsafety_tb_assert.v:64]
ERROR: [VRFC 10-4982] syntax error near 'else' [/home/ft2335/dataset/ZipCPU/tbs/axilsafety_tb_assert.v:65]
ERROR: [VRFC 10-8549] Verilog 2000 keyword 'else' used in incorrect context [/home/ft2335/dataset/ZipCPU/tbs/axilsafety_tb_assert.v:65]
WARNING: [VRFC 10-3248] data object 'prev_aw_wait' is already declared [/home/ft2335/dataset/ZipCPU/tbs/axilsafety_tb_assert.v:75]
ERROR: [VRFC 10-9364] second declaration of 'prev_aw_wait' is ignored [/home/ft2335/dataset/ZipCPU/tbs/axilsafety_tb_assert.v:75]
ERROR: [VRFC 10-4982] syntax error near 'else' [/home/ft2335/dataset/ZipCPU/tbs/axilsafety_tb_assert.v:80]
ERROR: [VRFC 10-8549] Verilog 2000 keyword 'else' used in incorrect context [/home/ft2335/dataset/ZipCPU/tbs/axilsafety_tb_assert.v:80]
ERROR: [VRFC 10-4982] syntax error near 'else' [/home/ft2335/dataset/ZipCPU/tbs/axilsafety_tb_assert.v:81]
ERROR: [VRFC 10-8549] Verilog 2000 keyword 'else' used in incorrect context [/home/ft2335/dataset/ZipCPU/tbs/axilsafety_tb_assert.v:81]
ERROR: [VRFC 10-4982] syntax error near 'else' [/home/ft2335/dataset/ZipCPU/tbs/axilsafety_tb_assert.v:82]
ERROR: [VRFC 10-8549] Verilog 2000 keyword 'else' used in incorrect context [/home/ft2335/dataset/ZipCPU/tbs/axilsafety_tb_assert.v:82]
ERROR: [VRFC 10-4982] syntax error near 'else' [/home/ft2335/dataset/ZipCPU/tbs/axilsafety_tb_assert.v:92]
ERROR: [VRFC 10-8549] Verilog 2000 keyword 'else' used in incorrect context [/home/ft2335/dataset/ZipCPU/tbs/axilsafety_tb_assert.v:92]
ERROR: [VRFC 10-8530] module 'axilsafety_assert' is ignored due to previous errors [/home/ft2335/dataset/ZipCPU/tbs/axilsafety_tb_assert.v:4]
