#-----------------------------------------------------------
# xsim v2026.1 (64-bit)
# SW Build 6511674 on Tue Jun 16 11:01:26 MDT 2026
# IP Build 6504888 on Tue Jun 09 09:05:25 MDT 2026
# SharedData Build 6501428 on Mon Jun 08 17:34:18 MDT 2026
# Start of session at: Mon Jun 29 00:52:46 2026
# Process ID         : 2878113
# Current directory  : /home/ft2335/dataset/ZipCPU/rtl
# Command line       : xsim -mode tcl -source {xsim.dir/sim_axixbar/xsim_script.tcl}
# Log file           : /home/ft2335/dataset/ZipCPU/rtl/xsim.log
# Journal file       : /home/ft2335/dataset/ZipCPU/rtl/xsim.jou
# Running On         : ecs05.poly.edu
# Platform           : rhel
# Operating System   : Red Hat Enterprise Linux 9.8 (Plow)
# Processor Detail   : Intel(R) Xeon(R) Gold 6338N CPU @ 2.20GHz
# CPU Frequency      : 800.000 MHz
# CPU Physical cores : 64
# CPU Logical cores  : 128
# Host memory        : 1064154 MB
# Swap memory        : 274877 MB
# Total Virtual      : 1339032 MB
# Available Virtual  : 1277022 MB
#-----------------------------------------------------------
source xsim.dir/sim_axixbar/xsim_script.tcl
# xsim {sim_axixbar} -autoloadwcfg -runall
Time resolution is 1 ps
run -all
TEST AXIXBAR
TB restored. Add functional tests after axilxbar is fixed.
ALL TESTS PASSED
$finish called at time : 95 ns : File "/home/ft2335/dataset/ZipCPU/tbs/axixbar_tb_assert.v" Line 217
exit
INFO: xsimkernel Simulation Memory Usage: 158524 KB (Peak: 224060 KB), Simulation CPU Usage: 1520 ms
INFO: [Common 17-206] Exiting xsim at Mon Jun 29 00:52:51 2026...
