#-----------------------------------------------------------
# xsim v2026.1 (64-bit)
# SW Build 6511674 on Tue Jun 16 11:01:26 MDT 2026
# IP Build 6504888 on Tue Jun 09 09:05:25 MDT 2026
# SharedData Build 6501428 on Mon Jun 08 17:34:18 MDT 2026
# Start of session at: Mon Jun 29 03:00:38 2026
# Process ID         : 3256087
# Current directory  : /home/ft2335/dataset/ZipCPU/rtl
# Command line       : xsim -mode tcl -source {xsim.dir/sim_axilxbar/xsim_script.tcl}
# Log file           : /home/ft2335/dataset/ZipCPU/rtl/xsim.log
# Journal file       : /home/ft2335/dataset/ZipCPU/rtl/xsim.jou
# Running On         : ecs05.poly.edu
# Platform           : rhel
# Operating System   : Red Hat Enterprise Linux 9.8 (Plow)
# Processor Detail   : Intel(R) Xeon(R) Gold 6338N CPU @ 2.20GHz
# CPU Frequency      : 800.096 MHz
# CPU Physical cores : 64
# CPU Logical cores  : 128
# Host memory        : 1064154 MB
# Swap memory        : 274877 MB
# Total Virtual      : 1339032 MB
# Available Virtual  : 1278016 MB
#-----------------------------------------------------------
source xsim.dir/sim_axilxbar/xsim_script.tcl
# xsim {sim_axilxbar} -autoloadwcfg -runall
Time resolution is 1 ps
run -all
TEST AXILXBAR
PASS:        xbar routed write address
PASS:           xbar routed write data
PASS:     xbar returned write response
INFO: [Common 17-41] Interrupt caught. Command should exit soon.
run: Time (s): cpu = 00:00:00.01 ; elapsed = 00:00:10 . Memory (MB): peak = 1712.469 ; gain = 72.004 ; free physical = 12084 ; free virtual = 1218678
INFO: [Common 17-344] 'run' was cancelled
exit
INFO: xsimkernel Simulation Memory Usage: 158448 KB (Peak: 223984 KB), Simulation CPU Usage: 11470 ms
INFO: [Common 17-206] Exiting xsim at Mon Jun 29 03:00:52 2026...
